*
* Visual Studio Code Server
*
* By using the software, you agree to
* the Visual Studio Code Server License Terms (https://aka.ms/vscode-server-license) and
* the Microsoft Privacy Statement (https://privacy.microsoft.com/en-US/privacystatement).
*
Server bound to 127.0.0.1:37495 (IPv4)
Extension host agent listening on 37495

[12:13:25] 




[12:13:25] Extension host agent started.
[12:13:25] [127.0.0.1][99b58073][ManagementConnection] New connection established.
[12:13:25] [127.0.0.1][4b605664][ExtensionHostConnection] New connection established.
[12:13:25] [127.0.0.1][4b605664][ExtensionHostConnection] <1025> Launched Extension Host Process.
rejected promise not handled within 1 second: CodeExpectedError: Could not find pty on pty host
stack trace: CodeExpectedError: Could not find pty on pty host
    at A.U (/home/ubuntu/.vscode-server/bin/f1b07bd25dfad64b0167beb15359ae573aecd2cc/out/vs/platform/terminal/node/ptyHostMain.js:44:32246)
    at A.updateTitle (/home/ubuntu/.vscode-server/bin/f1b07bd25dfad64b0167beb15359ae573aecd2cc/out/vs/platform/terminal/node/ptyHostMain.js:44:27446)
    at V.<computed> (/home/ubuntu/.vscode-server/bin/f1b07bd25dfad64b0167beb15359ae573aecd2cc/out/vs/platform/terminal/node/ptyHostMain.js:44:22715)
    at Object.call (/home/ubuntu/.vscode-server/bin/f1b07bd25dfad64b0167beb15359ae573aecd2cc/out/vs/platform/terminal/node/ptyHostMain.js:34:5059)
    at h.s (/home/ubuntu/.vscode-server/bin/f1b07bd25dfad64b0167beb15359ae573aecd2cc/out/vs/platform/terminal/node/ptyHostMain.js:32:5150)
    at h.q (/home/ubuntu/.vscode-server/bin/f1b07bd25dfad64b0167beb15359ae573aecd2cc/out/vs/platform/terminal/node/ptyHostMain.js:32:4661)
    at g.value (/home/ubuntu/.vscode-server/bin/f1b07bd25dfad64b0167beb15359ae573aecd2cc/out/vs/platform/terminal/node/ptyHostMain.js:32:4066)
    at n.z (/home/ubuntu/.vscode-server/bin/f1b07bd25dfad64b0167beb15359ae573aecd2cc/out/vs/platform/terminal/node/ptyHostMain.js:27:1902)
    at n.fire (/home/ubuntu/.vscode-server/bin/f1b07bd25dfad64b0167beb15359ae573aecd2cc/out/vs/platform/terminal/node/ptyHostMain.js:27:2119)
    at process.he (/home/ubuntu/.vscode-server/bin/f1b07bd25dfad64b0167beb15359ae573aecd2cc/out/vs/platform/terminal/node/ptyHostMain.js:25:9949)
    at process.emit (node:events:513:28)
    at emit (node:internal/child_process:937:14)
    at process.processTicksAndRejections (node:internal/process/task_queues:83:21)
[12:13:28] Error [CodeExpectedError]: Could not find pty on pty host
    at A.U (/home/ubuntu/.vscode-server/bin/f1b07bd25dfad64b0167beb15359ae573aecd2cc/out/vs/platform/terminal/node/ptyHostMain.js:44:32246)
    at A.updateTitle (/home/ubuntu/.vscode-server/bin/f1b07bd25dfad64b0167beb15359ae573aecd2cc/out/vs/platform/terminal/node/ptyHostMain.js:44:27446)
    at V.<computed> (/home/ubuntu/.vscode-server/bin/f1b07bd25dfad64b0167beb15359ae573aecd2cc/out/vs/platform/terminal/node/ptyHostMain.js:44:22715)
    at Object.call (/home/ubuntu/.vscode-server/bin/f1b07bd25dfad64b0167beb15359ae573aecd2cc/out/vs/platform/terminal/node/ptyHostMain.js:34:5059)
    at h.s (/home/ubuntu/.vscode-server/bin/f1b07bd25dfad64b0167beb15359ae573aecd2cc/out/vs/platform/terminal/node/ptyHostMain.js:32:5150)
    at h.q (/home/ubuntu/.vscode-server/bin/f1b07bd25dfad64b0167beb15359ae573aecd2cc/out/vs/platform/terminal/node/ptyHostMain.js:32:4661)
    at g.value (/home/ubuntu/.vscode-server/bin/f1b07bd25dfad64b0167beb15359ae573aecd2cc/out/vs/platform/terminal/node/ptyHostMain.js:32:4066)
    at n.z (/home/ubuntu/.vscode-server/bin/f1b07bd25dfad64b0167beb15359ae573aecd2cc/out/vs/platform/terminal/node/ptyHostMain.js:27:1902)
    at n.fire (/home/ubuntu/.vscode-server/bin/f1b07bd25dfad64b0167beb15359ae573aecd2cc/out/vs/platform/terminal/node/ptyHostMain.js:27:2119)
    at process.he (/home/ubuntu/.vscode-server/bin/f1b07bd25dfad64b0167beb15359ae573aecd2cc/out/vs/platform/terminal/node/ptyHostMain.js:25:9949)
    at process.emit (node:events:513:28)
    at emit (node:internal/child_process:937:14)
    at process.processTicksAndRejections (node:internal/process/task_queues:83:21)
[12:14:07] [127.0.0.1][99b58073][ManagementConnection] The client has disconnected gracefully, so the connection will be disposed.
[12:14:07] [127.0.0.1][4b605664][ExtensionHostConnection] <1025> Extension Host Process exited with code: 0, signal: null.
Cancelling previous shutdown timeout
[12:14:07] Cancelling previous shutdown timeout
Last EH closed, waiting before shutting down
[12:14:07] Last EH closed, waiting before shutting down
Got delay-shutdown request while in shutdown timeout, delaying
[12:14:09] Got delay-shutdown request while in shutdown timeout, delaying
Cancelling previous shutdown timeout
[12:14:09] Cancelling previous shutdown timeout
[12:14:09] [127.0.0.1][22ab8352][ManagementConnection] New connection established.
[12:14:09] [127.0.0.1][f00c844b][ExtensionHostConnection] New connection established.
[12:14:09] [127.0.0.1][f00c844b][ExtensionHostConnection] <1226> Launched Extension Host Process.
New EH opened, aborting shutdown
[12:19:09] New EH opened, aborting shutdown
